{
  "CHELSEA": [
    "Chelsea",
    "http://a.espncdn.com/combiner/i?img=/i/teamlogos/soccer/500/363.png&h=150&w=150"
  ],
  "ARSENAL": [
    "Arsenal",
    "http://a.espncdn.com/combiner/i?img=/i/teamlogos/soccer/500/359.png&h=150&w=150"
  ],
  "CRYSTAL PALACE": [
    "Crystal Palace",
    "http://a.espncdn.com/combiner/i?img=/i/teamlogos/soccer/500/384.png&h=150&w=150"
  ],
  "REAL MADRID": [
    "Real Madrid",
    "http://a.espncdn.com/combiner/i?img=/i/teamlogos/soccer/500/86.png&h=150&w=150"
  ],
  "REAL BETIS": [
    "Real Betis",
    "http://a.espncdn.com/combiner/i?img=/i/teamlogos/soccer/500/244.png&h=150&w=150"
  ],
  "BARCELONA": [
    "Barcelona",
    "http://a.espncdn.com/combiner/i?img=/i/teamlogos/soccer/500/83.png&h=150&w=150"
  ],
  "NEITHERLAND": [
    "Netherlands",
    "http://a.espncdn.com/combiner/i?img=/i/teamlogos/countries/500/ned.png&h=150&w=150"
  ],
  "NETHERLANDS": [
    "Netherlands",
    "http://a.espncdn.com/combiner/i?img=/i/teamlogos/countries/500/ned.png&h=150&w=150"
  ],
  "MANCHESTER UNITED": [
    "Manchester United",
    "http://a.espncdn.com/combiner/i?img=/i/teamlogos/soccer/500/360.png&h=150&w=150"
  ],
  "MANCHESTER CITY": [
    "Manchester City",
    "http://a.espncdn.com/combiner/i?img=/i/teamlogos/soccer/500/382.png&h=150&w=150"
  ],
  "ROMA": [
    "AS Roma",
    "http://a.espncdn.com/combiner/i?img=/i/teamlogos/soccer/500/104.png&h=150&w=150"
  ],
  "JUVENTUS": [
    "Juventus",
    "http://a.espncdn.com/combiner/i?img=/i/teamlogos/soccer/500/111.png&h=150&w=150"
  ],
  "AS ROMA": [
    "AS Roma",
    "http://a.espncdn.com/combiner/i?img=/i/teamlogos/soccer/500/104.png&h=150&w=150"
  ],
  "PARIS SAINT GERMAIN": [
    "Paris Saint-Germain",
    "http://a.espncdn.com/combiner/i?img=/i/teamlogos/soccer/500/160.png&h=150&w=150"
  ],
  "PARIS SAINT-GERMAIN": [
    "Paris Saint-Germain",
    "http://a.espncdn.com/combiner/i?img=/i/teamlogos/soccer/500/160.png&h=150&w=150"
  ],
  "AC MILAN": [
    "AC Milan",
    "http://a.espncdn.com/combiner/i?img=/i/teamlogos/soccer/500/103.png&h=150&w=150"
  ],
  "INTER MILAN": [
    "Internazionale",
    "http://a.espncdn.com/combiner/i?img=/i/teamlogos/soccer/500/110.png&h=150&w=150"
  ],
  "INTERNAZIONALE": [
    "Internazionale",
    "http://a.espncdn.com/combiner/i?img=/i/teamlogos/soccer/500/110.png&h=150&w=150"
  ],
  "SAMPDORIA": [
    "Sampdoria",
    "http://a.espncdn.com/combiner/i?img=/i/teamlogos/soccer/500/2734.png&h=150&w=150"
  ],
  "BAYERN MUNICH": [
    "Bayern Munich",
    "http://a.espncdn.com/combiner/i?img=/i/teamlogos/soccer/500/132.png&h=150&w=150"
  ],
  "BORUSSIA DORTMUND": [
    "Borussia Dortmund",
    "http://a.espncdn.com/combiner/i?img=/i/teamlogos/soccer/500/124.png&h=150&w=150"
  ],
  "ALBANIA": [
    "Albania",
    "http://a.espncdn.com/combiner/i?img=/i/teamlogos/countries/500/alb.png&h=150&w=150"
  ],
  "VIETNAM": [
    "Vietnam",
    "http://a.espncdn.com/combiner/i?img=/i/teamlogos/countries/500/vie.png&h=150&w=150"
  ],
  "BRAZIL": [
    "Brazil",
    "http://a.espncdn.com/combiner/i?img=/i/teamlogos/countries/500/bra.png&h=150&w=150"
  ],
  "ENGLAND": [
    "England",
    "http://a.espncdn.com/combiner/i?img=/i/teamlogos/countries/500/eng.png&h=150&w=150"
  ],
  "ARGENTINA": [
    "Argentina",
    "http://a.espncdn.com/combiner/i?img=/i/teamlogos/countries/500/arg.png&h=150&w=150"
  ],
  "GERMANY": [
    "Germany",
    "http://a.espncdn.com/combiner/i?img=/i/teamlogos/countries/500/ger.png&h=150&w=150"
  ],
  "UNITED STATES": [
    "United States",
    "http://a.espncdn.com/combiner/i?img=/i/teamlogos/countries/500/usa.png&h=150&w=150"
  ],
  "THAILAND": [
    "Thailand",
    "http://a.espncdn.com/combiner/i?img=/i/teamlogos/countries/500/tha.png&h=150&w=150"
  ],
  "CHINA": [
    "China",
    "http://a.espncdn.com/combiner/i?img=/i/teamlogos/countries/500/chn.png&h=150&w=150"
  ],
  "CANADA": [
    "Canada",
    "http://a.espncdn.com/combiner/i?img=/i/teamlogos/countries/500/can.png&h=150&w=150"
  ],
  "FRANCE": [
    "France",
    "http://a.espncdn.com/combiner/i?img=/i/teamlogos/countries/500/fra.png&h=150&w=150"
  ],
  "LIVERPOOL": [
    "Liverpool",
    "http://a.espncdn.com/combiner/i?img=/i/teamlogos/soccer/500/364.png&h=150&w=150"
  ],
  "EVERTON": [
    "Everton",
    "http://a.espncdn.com/combiner/i?img=/i/teamlogos/soccer/500/368.png&h=150&w=150"
  ],
  "AREMA INDONESIA": [
    "Arema Indonesia",
    "http://a.espncdn.com/combiner/i?img=/i/teamlogos/soccer/500/default-team-logo-500.png&w=100&h=100"
  ],
  "PORTUGAL": [
    "Portugal",
    "http://a.espncdn.com/combiner/i?img=/i/teamlogos/countries/500/por.png&h=150&w=150"
  ],
  "CHILE": [
    "Chile",
    "http://a.espncdn.com/combiner/i?img=/i/teamlogos/countries/500/chi.png&h=150&w=150"
  ],
  "TOTTENHAM HOTSPUR": [
    "Tottenham Hotspur",
    "http://a.espncdn.com/combiner/i?img=/i/teamlogos/soccer/500/367.png&h=150&w=150"
  ],
  "NEWCASTLE UNITED": [
    "Newcastle United",
    "http://a.espncdn.com/combiner/i?img=/i/teamlogos/soccer/500/361.png&h=150&w=150"
  ],
  "ATLETICO MADRID": [
    "Atletico Madrid",
    "http://a.espncdn.com/combiner/i?img=/i/teamlogos/soccer/500/1068.png&h=150&w=150"
  ],
  "BURNLEY": [
    "Burnley",
    "http://a.espncdn.com/combiner/i?img=/i/teamlogos/soccer/500/379.png&h=150&w=150"
  ]
}
