Error: listen EADDRINUSE :::1337
    at Object.exports._errnoException (util.js:1020:11)
    at exports._exceptionWithHostPort (util.js:1043:20)
    at Server._listen2 (net.js:1262:14)
    at listen (net.js:1298:10)
    at Server.listen (net.js:1394:5)
    at EventEmitter.listen (/home/ec2-user/Thinh/LetsKick/node_modules/express/lib/application.js:618:24)
    at Object.<anonymous> (/home/ec2-user/Thinh/LetsKick/app.js:10:5)
    at Module._compile (module.js:570:32)
    at Object.Module._extensions..js (module.js:579:10)
    at Module.load (module.js:487:32)
Error: listen EADDRINUSE :::1337
    at Object.exports._errnoException (util.js:1020:11)
    at exports._exceptionWithHostPort (util.js:1043:20)
    at Server._listen2 (net.js:1262:14)
    at listen (net.js:1298:10)
    at Server.listen (net.js:1394:5)
    at EventEmitter.listen (/home/ec2-user/Thinh/LetsKick/node_modules/express/lib/application.js:618:24)
    at Object.<anonymous> (/home/ec2-user/Thinh/LetsKick/app.js:10:5)
    at Module._compile (module.js:570:32)
    at Object.Module._extensions..js (module.js:579:10)
    at Module.load (module.js:487:32)
Error: listen EADDRINUSE :::1337
    at Object.exports._errnoException (util.js:1020:11)
    at exports._exceptionWithHostPort (util.js:1043:20)
    at Server._listen2 (net.js:1262:14)
    at listen (net.js:1298:10)
    at Server.listen (net.js:1394:5)
    at EventEmitter.listen (/home/ec2-user/Thinh/LetsKick/node_modules/express/lib/application.js:618:24)
    at Object.<anonymous> (/home/ec2-user/Thinh/LetsKick/app.js:10:5)
    at Module._compile (module.js:570:32)
    at Object.Module._extensions..js (module.js:579:10)
    at Module.load (module.js:487:32)
Error: listen EADDRINUSE :::1337
    at Object.exports._errnoException (util.js:1020:11)
    at exports._exceptionWithHostPort (util.js:1043:20)
    at Server._listen2 (net.js:1262:14)
    at listen (net.js:1298:10)
    at Server.listen (net.js:1394:5)
    at EventEmitter.listen (/home/ec2-user/Thinh/LetsKick/node_modules/express/lib/application.js:618:24)
    at Object.<anonymous> (/home/ec2-user/Thinh/LetsKick/app.js:10:5)
    at Module._compile (module.js:570:32)
    at Object.Module._extensions..js (module.js:579:10)
    at Module.load (module.js:487:32)
Error: listen EADDRINUSE :::1337
    at Object.exports._errnoException (util.js:1020:11)
    at exports._exceptionWithHostPort (util.js:1043:20)
    at Server._listen2 (net.js:1262:14)
    at listen (net.js:1298:10)
    at Server.listen (net.js:1394:5)
    at EventEmitter.listen (/home/ec2-user/Thinh/LetsKick/node_modules/express/lib/application.js:618:24)
    at Object.<anonymous> (/home/ec2-user/Thinh/LetsKick/app.js:10:5)
    at Module._compile (module.js:570:32)
    at Object.Module._extensions..js (module.js:579:10)
    at Module.load (module.js:487:32)
Error: listen EADDRINUSE :::1337
    at Object.exports._errnoException (util.js:1020:11)
    at exports._exceptionWithHostPort (util.js:1043:20)
    at Server._listen2 (net.js:1262:14)
    at listen (net.js:1298:10)
    at Server.listen (net.js:1394:5)
    at EventEmitter.listen (/home/ec2-user/Thinh/LetsKick/node_modules/express/lib/application.js:618:24)
    at Object.<anonymous> (/home/ec2-user/Thinh/LetsKick/app.js:10:5)
    at Module._compile (module.js:570:32)
    at Object.Module._extensions..js (module.js:579:10)
    at Module.load (module.js:487:32)
Error: listen EADDRINUSE :::1337
    at Object.exports._errnoException (util.js:1020:11)
    at exports._exceptionWithHostPort (util.js:1043:20)
    at Server._listen2 (net.js:1262:14)
    at listen (net.js:1298:10)
    at Server.listen (net.js:1394:5)
    at EventEmitter.listen (/home/ec2-user/Thinh/LetsKick/node_modules/express/lib/application.js:618:24)
    at Object.<anonymous> (/home/ec2-user/Thinh/LetsKick/app.js:10:5)
    at Module._compile (module.js:570:32)
    at Object.Module._extensions..js (module.js:579:10)
    at Module.load (module.js:487:32)
Error: listen EADDRINUSE :::1337
    at Object.exports._errnoException (util.js:1020:11)
    at exports._exceptionWithHostPort (util.js:1043:20)
    at Server._listen2 (net.js:1262:14)
    at listen (net.js:1298:10)
    at Server.listen (net.js:1394:5)
    at EventEmitter.listen (/home/ec2-user/Thinh/LetsKick/node_modules/express/lib/application.js:618:24)
    at Object.<anonymous> (/home/ec2-user/Thinh/LetsKick/app.js:10:5)
    at Module._compile (module.js:570:32)
    at Object.Module._extensions..js (module.js:579:10)
    at Module.load (module.js:487:32)
Error: listen EADDRINUSE :::1337
    at Object.exports._errnoException (util.js:1020:11)
    at exports._exceptionWithHostPort (util.js:1043:20)
    at Server._listen2 (net.js:1262:14)
    at listen (net.js:1298:10)
    at Server.listen (net.js:1394:5)
    at EventEmitter.listen (/home/ec2-user/Thinh/LetsKick/node_modules/express/lib/application.js:618:24)
    at Object.<anonymous> (/home/ec2-user/Thinh/LetsKick/app.js:10:5)
    at Module._compile (module.js:570:32)
    at Object.Module._extensions..js (module.js:579:10)
    at Module.load (module.js:487:32)
Error: listen EADDRINUSE :::1337
    at Object.exports._errnoException (util.js:1020:11)
    at exports._exceptionWithHostPort (util.js:1043:20)
    at Server._listen2 (net.js:1262:14)
    at listen (net.js:1298:10)
    at Server.listen (net.js:1394:5)
    at EventEmitter.listen (/home/ec2-user/Thinh/LetsKick/node_modules/express/lib/application.js:618:24)
    at Object.<anonymous> (/home/ec2-user/Thinh/LetsKick/app.js:10:5)
    at Module._compile (module.js:570:32)
    at Object.Module._extensions..js (module.js:579:10)
    at Module.load (module.js:487:32)
Error: listen EADDRINUSE :::1337
    at Object.exports._errnoException (util.js:1020:11)
    at exports._exceptionWithHostPort (util.js:1043:20)
    at Server._listen2 (net.js:1262:14)
    at listen (net.js:1298:10)
    at Server.listen (net.js:1394:5)
    at EventEmitter.listen (/home/ec2-user/Thinh/LetsKick/node_modules/express/lib/application.js:618:24)
    at Object.<anonymous> (/home/ec2-user/Thinh/LetsKick/app.js:10:5)
    at Module._compile (module.js:570:32)
    at Object.Module._extensions..js (module.js:579:10)
    at Module.load (module.js:487:32)
Error: listen EADDRINUSE :::1337
    at Object.exports._errnoException (util.js:1020:11)
    at exports._exceptionWithHostPort (util.js:1043:20)
    at Server._listen2 (net.js:1262:14)
    at listen (net.js:1298:10)
    at Server.listen (net.js:1394:5)
    at EventEmitter.listen (/home/ec2-user/Thinh/LetsKick/node_modules/express/lib/application.js:618:24)
    at Object.<anonymous> (/home/ec2-user/Thinh/LetsKick/app.js:10:5)
    at Module._compile (module.js:570:32)
    at Object.Module._extensions..js (module.js:579:10)
    at Module.load (module.js:487:32)
Error: listen EADDRINUSE :::1337
    at Object.exports._errnoException (util.js:1020:11)
    at exports._exceptionWithHostPort (util.js:1043:20)
    at Server._listen2 (net.js:1262:14)
    at listen (net.js:1298:10)
    at Server.listen (net.js:1394:5)
    at EventEmitter.listen (/home/ec2-user/Thinh/LetsKick/node_modules/express/lib/application.js:618:24)
    at Object.<anonymous> (/home/ec2-user/Thinh/LetsKick/app.js:10:5)
    at Module._compile (module.js:570:32)
    at Object.Module._extensions..js (module.js:579:10)
    at Module.load (module.js:487:32)
Error: listen EADDRINUSE :::1337
    at Object.exports._errnoException (util.js:1020:11)
    at exports._exceptionWithHostPort (util.js:1043:20)
    at Server._listen2 (net.js:1262:14)
    at listen (net.js:1298:10)
    at Server.listen (net.js:1394:5)
    at EventEmitter.listen (/home/ec2-user/Thinh/LetsKick/node_modules/express/lib/application.js:618:24)
    at Object.<anonymous> (/home/ec2-user/Thinh/LetsKick/app.js:10:5)
    at Module._compile (module.js:570:32)
    at Object.Module._extensions..js (module.js:579:10)
    at Module.load (module.js:487:32)
Error: listen EADDRINUSE :::1337
    at Object.exports._errnoException (util.js:1020:11)
    at exports._exceptionWithHostPort (util.js:1043:20)
    at Server._listen2 (net.js:1262:14)
    at listen (net.js:1298:10)
    at Server.listen (net.js:1394:5)
    at EventEmitter.listen (/home/ec2-user/Thinh/LetsKick/node_modules/express/lib/application.js:618:24)
    at Object.<anonymous> (/home/ec2-user/Thinh/LetsKick/app.js:10:5)
    at Module._compile (module.js:570:32)
    at Object.Module._extensions..js (module.js:579:10)
    at Module.load (module.js:487:32)
Error: listen EADDRINUSE :::1337
    at Object.exports._errnoException (util.js:1020:11)
    at exports._exceptionWithHostPort (util.js:1043:20)
    at Server._listen2 (net.js:1262:14)
    at listen (net.js:1298:10)
    at Server.listen (net.js:1394:5)
    at EventEmitter.listen (/home/ec2-user/Thinh/LetsKick/node_modules/express/lib/application.js:618:24)
    at Object.<anonymous> (/home/ec2-user/Thinh/LetsKick/app.js:10:5)
    at Module._compile (module.js:570:32)
    at Object.Module._extensions..js (module.js:579:10)
    at Module.load (module.js:487:32)
Error: Cannot find module 'firebase'
    at Function.Module._resolveFilename (module.js:469:15)
    at Function.Module._load (module.js:417:25)
    at Module.require (module.js:497:17)
    at require (internal/module.js:20:19)
    at Object.<anonymous> (/home/ec2-user/LetsKick/data/firebase.js:1:78)
    at Module._compile (module.js:570:32)
    at Object.Module._extensions..js (module.js:579:10)
    at Module.load (module.js:487:32)
    at tryModuleLoad (module.js:446:12)
    at Function.Module._load (module.js:438:3)
Error: Cannot find module 'firebase'
    at Function.Module._resolveFilename (module.js:469:15)
    at Function.Module._load (module.js:417:25)
    at Module.require (module.js:497:17)
    at require (internal/module.js:20:19)
    at Object.<anonymous> (/home/ec2-user/LetsKick/data/firebase.js:1:78)
    at Module._compile (module.js:570:32)
    at Object.Module._extensions..js (module.js:579:10)
    at Module.load (module.js:487:32)
    at tryModuleLoad (module.js:446:12)
    at Function.Module._load (module.js:438:3)
Error: Cannot find module 'firebase'
    at Function.Module._resolveFilename (module.js:469:15)
    at Function.Module._load (module.js:417:25)
    at Module.require (module.js:497:17)
    at require (internal/module.js:20:19)
    at Object.<anonymous> (/home/ec2-user/LetsKick/data/firebase.js:1:78)
    at Module._compile (module.js:570:32)
    at Object.Module._extensions..js (module.js:579:10)
    at Module.load (module.js:487:32)
    at tryModuleLoad (module.js:446:12)
    at Function.Module._load (module.js:438:3)
Error: Cannot find module 'firebase'
    at Function.Module._resolveFilename (module.js:469:15)
    at Function.Module._load (module.js:417:25)
    at Module.require (module.js:497:17)
    at require (internal/module.js:20:19)
    at Object.<anonymous> (/home/ec2-user/LetsKick/data/firebase.js:1:78)
    at Module._compile (module.js:570:32)
    at Object.Module._extensions..js (module.js:579:10)
    at Module.load (module.js:487:32)
    at tryModuleLoad (module.js:446:12)
    at Function.Module._load (module.js:438:3)
Error: Cannot find module 'firebase'
    at Function.Module._resolveFilename (module.js:469:15)
    at Function.Module._load (module.js:417:25)
    at Module.require (module.js:497:17)
    at require (internal/module.js:20:19)
    at Object.<anonymous> (/home/ec2-user/LetsKick/data/firebase.js:1:78)
    at Module._compile (module.js:570:32)
    at Object.Module._extensions..js (module.js:579:10)
    at Module.load (module.js:487:32)
    at tryModuleLoad (module.js:446:12)
    at Function.Module._load (module.js:438:3)
Error: Cannot find module 'firebase'
    at Function.Module._resolveFilename (module.js:469:15)
    at Function.Module._load (module.js:417:25)
    at Module.require (module.js:497:17)
    at require (internal/module.js:20:19)
    at Object.<anonymous> (/home/ec2-user/LetsKick/data/firebase.js:1:78)
    at Module._compile (module.js:570:32)
    at Object.Module._extensions..js (module.js:579:10)
    at Module.load (module.js:487:32)
    at tryModuleLoad (module.js:446:12)
    at Function.Module._load (module.js:438:3)
Error: Cannot find module 'firebase'
    at Function.Module._resolveFilename (module.js:469:15)
    at Function.Module._load (module.js:417:25)
    at Module.require (module.js:497:17)
    at require (internal/module.js:20:19)
    at Object.<anonymous> (/home/ec2-user/LetsKick/data/firebase.js:1:78)
    at Module._compile (module.js:570:32)
    at Object.Module._extensions..js (module.js:579:10)
    at Module.load (module.js:487:32)
    at tryModuleLoad (module.js:446:12)
    at Function.Module._load (module.js:438:3)
Error: Cannot find module 'firebase'
    at Function.Module._resolveFilename (module.js:469:15)
    at Function.Module._load (module.js:417:25)
    at Module.require (module.js:497:17)
    at require (internal/module.js:20:19)
    at Object.<anonymous> (/home/ec2-user/LetsKick/data/firebase.js:1:78)
    at Module._compile (module.js:570:32)
    at Object.Module._extensions..js (module.js:579:10)
    at Module.load (module.js:487:32)
    at tryModuleLoad (module.js:446:12)
    at Function.Module._load (module.js:438:3)
Error: Cannot find module 'firebase'
    at Function.Module._resolveFilename (module.js:469:15)
    at Function.Module._load (module.js:417:25)
    at Module.require (module.js:497:17)
    at require (internal/module.js:20:19)
    at Object.<anonymous> (/home/ec2-user/LetsKick/data/firebase.js:1:78)
    at Module._compile (module.js:570:32)
    at Object.Module._extensions..js (module.js:579:10)
    at Module.load (module.js:487:32)
    at tryModuleLoad (module.js:446:12)
    at Function.Module._load (module.js:438:3)
Error: Cannot find module 'firebase'
    at Function.Module._resolveFilename (module.js:469:15)
    at Function.Module._load (module.js:417:25)
    at Module.require (module.js:497:17)
    at require (internal/module.js:20:19)
    at Object.<anonymous> (/home/ec2-user/LetsKick/data/firebase.js:1:78)
    at Module._compile (module.js:570:32)
    at Object.Module._extensions..js (module.js:579:10)
    at Module.load (module.js:487:32)
    at tryModuleLoad (module.js:446:12)
    at Function.Module._load (module.js:438:3)
Error: Cannot find module 'firebase'
    at Function.Module._resolveFilename (module.js:469:15)
    at Function.Module._load (module.js:417:25)
    at Module.require (module.js:497:17)
    at require (internal/module.js:20:19)
    at Object.<anonymous> (/home/ec2-user/LetsKick/data/firebase.js:1:78)
    at Module._compile (module.js:570:32)
    at Object.Module._extensions..js (module.js:579:10)
    at Module.load (module.js:487:32)
    at tryModuleLoad (module.js:446:12)
    at Function.Module._load (module.js:438:3)
Error: Cannot find module 'firebase'
    at Function.Module._resolveFilename (module.js:469:15)
    at Function.Module._load (module.js:417:25)
    at Module.require (module.js:497:17)
    at require (internal/module.js:20:19)
    at Object.<anonymous> (/home/ec2-user/LetsKick/data/firebase.js:1:78)
    at Module._compile (module.js:570:32)
    at Object.Module._extensions..js (module.js:579:10)
    at Module.load (module.js:487:32)
    at tryModuleLoad (module.js:446:12)
    at Function.Module._load (module.js:438:3)
Error: Cannot find module 'firebase'
    at Function.Module._resolveFilename (module.js:469:15)
    at Function.Module._load (module.js:417:25)
    at Module.require (module.js:497:17)
    at require (internal/module.js:20:19)
    at Object.<anonymous> (/home/ec2-user/LetsKick/data/firebase.js:1:78)
    at Module._compile (module.js:570:32)
    at Object.Module._extensions..js (module.js:579:10)
    at Module.load (module.js:487:32)
    at tryModuleLoad (module.js:446:12)
    at Function.Module._load (module.js:438:3)
Error: Cannot find module 'firebase'
    at Function.Module._resolveFilename (module.js:469:15)
    at Function.Module._load (module.js:417:25)
    at Module.require (module.js:497:17)
    at require (internal/module.js:20:19)
    at Object.<anonymous> (/home/ec2-user/LetsKick/data/firebase.js:1:78)
    at Module._compile (module.js:570:32)
    at Object.Module._extensions..js (module.js:579:10)
    at Module.load (module.js:487:32)
    at tryModuleLoad (module.js:446:12)
    at Function.Module._load (module.js:438:3)
Error: Cannot find module 'firebase'
    at Function.Module._resolveFilename (module.js:469:15)
    at Function.Module._load (module.js:417:25)
    at Module.require (module.js:497:17)
    at require (internal/module.js:20:19)
    at Object.<anonymous> (/home/ec2-user/LetsKick/data/firebase.js:1:78)
    at Module._compile (module.js:570:32)
    at Object.Module._extensions..js (module.js:579:10)
    at Module.load (module.js:487:32)
    at tryModuleLoad (module.js:446:12)
    at Function.Module._load (module.js:438:3)
Error: Cannot find module 'firebase'
    at Function.Module._resolveFilename (module.js:469:15)
    at Function.Module._load (module.js:417:25)
    at Module.require (module.js:497:17)
    at require (internal/module.js:20:19)
    at Object.<anonymous> (/home/ec2-user/LetsKick/data/firebase.js:1:78)
    at Module._compile (module.js:570:32)
    at Object.Module._extensions..js (module.js:579:10)
    at Module.load (module.js:487:32)
    at tryModuleLoad (module.js:446:12)
    at Function.Module._load (module.js:438:3)
/home/ec2-user/Thinh/LetsKick/functions/receive-message.js:137
function handlePostback(sender_psid, messagePostback) {
^^^^^^^^

SyntaxError: Unexpected token function
    at createScript (vm.js:56:10)
    at Object.runInThisContext (vm.js:97:10)
    at Module._compile (module.js:542:28)
    at Object.Module._extensions..js (module.js:579:10)
    at Module.load (module.js:487:32)
    at tryModuleLoad (module.js:446:12)
    at Function.Module._load (module.js:438:3)
    at Module.require (module.js:497:17)
    at require (internal/module.js:20:19)
    at Object.<anonymous> (/home/ec2-user/Thinh/LetsKick/routes/webhooks.js:3:17)
/home/ec2-user/Thinh/LetsKick/functions/receive-message.js:137
function handlePostback(sender_psid, messagePostback) {
^^^^^^^^

SyntaxError: Unexpected token function
    at createScript (vm.js:56:10)
    at Object.runInThisContext (vm.js:97:10)
    at Module._compile (module.js:542:28)
    at Object.Module._extensions..js (module.js:579:10)
    at Module.load (module.js:487:32)
    at tryModuleLoad (module.js:446:12)
    at Function.Module._load (module.js:438:3)
    at Module.require (module.js:497:17)
    at require (internal/module.js:20:19)
    at Object.<anonymous> (/home/ec2-user/Thinh/LetsKick/routes/webhooks.js:3:17)
/home/ec2-user/Thinh/LetsKick/functions/receive-message.js:137
function handlePostback(sender_psid, messagePostback) {
^^^^^^^^

SyntaxError: Unexpected token function
    at createScript (vm.js:56:10)
    at Object.runInThisContext (vm.js:97:10)
    at Module._compile (module.js:542:28)
    at Object.Module._extensions..js (module.js:579:10)
    at Module.load (module.js:487:32)
    at tryModuleLoad (module.js:446:12)
    at Function.Module._load (module.js:438:3)
    at Module.require (module.js:497:17)
    at require (internal/module.js:20:19)
    at Object.<anonymous> (/home/ec2-user/Thinh/LetsKick/routes/webhooks.js:3:17)
/home/ec2-user/Thinh/LetsKick/functions/receive-message.js:137
function handlePostback(sender_psid, messagePostback) {
^^^^^^^^

SyntaxError: Unexpected token function
    at createScript (vm.js:56:10)
    at Object.runInThisContext (vm.js:97:10)
    at Module._compile (module.js:542:28)
    at Object.Module._extensions..js (module.js:579:10)
    at Module.load (module.js:487:32)
    at tryModuleLoad (module.js:446:12)
    at Function.Module._load (module.js:438:3)
    at Module.require (module.js:497:17)
    at require (internal/module.js:20:19)
    at Object.<anonymous> (/home/ec2-user/Thinh/LetsKick/routes/webhooks.js:3:17)
/home/ec2-user/Thinh/LetsKick/functions/receive-message.js:137
function handlePostback(sender_psid, messagePostback) {
^^^^^^^^

SyntaxError: Unexpected token function
    at createScript (vm.js:56:10)
    at Object.runInThisContext (vm.js:97:10)
    at Module._compile (module.js:542:28)
    at Object.Module._extensions..js (module.js:579:10)
    at Module.load (module.js:487:32)
    at tryModuleLoad (module.js:446:12)
    at Function.Module._load (module.js:438:3)
    at Module.require (module.js:497:17)
    at require (internal/module.js:20:19)
    at Object.<anonymous> (/home/ec2-user/Thinh/LetsKick/routes/webhooks.js:3:17)
/home/ec2-user/Thinh/LetsKick/functions/receive-message.js:137
function handlePostback(sender_psid, messagePostback) {
^^^^^^^^

SyntaxError: Unexpected token function
    at createScript (vm.js:56:10)
    at Object.runInThisContext (vm.js:97:10)
    at Module._compile (module.js:542:28)
    at Object.Module._extensions..js (module.js:579:10)
    at Module.load (module.js:487:32)
    at tryModuleLoad (module.js:446:12)
    at Function.Module._load (module.js:438:3)
    at Module.require (module.js:497:17)
    at require (internal/module.js:20:19)
    at Object.<anonymous> (/home/ec2-user/Thinh/LetsKick/routes/webhooks.js:3:17)
/home/ec2-user/Thinh/LetsKick/functions/receive-message.js:137
function handlePostback(sender_psid, messagePostback) {
^^^^^^^^

SyntaxError: Unexpected token function
    at createScript (vm.js:56:10)
    at Object.runInThisContext (vm.js:97:10)
    at Module._compile (module.js:542:28)
    at Object.Module._extensions..js (module.js:579:10)
    at Module.load (module.js:487:32)
    at tryModuleLoad (module.js:446:12)
    at Function.Module._load (module.js:438:3)
    at Module.require (module.js:497:17)
    at require (internal/module.js:20:19)
    at Object.<anonymous> (/home/ec2-user/Thinh/LetsKick/routes/webhooks.js:3:17)
/home/ec2-user/Thinh/LetsKick/functions/receive-message.js:137
function handlePostback(sender_psid, messagePostback) {
^^^^^^^^

SyntaxError: Unexpected token function
    at createScript (vm.js:56:10)
    at Object.runInThisContext (vm.js:97:10)
    at Module._compile (module.js:542:28)
    at Object.Module._extensions..js (module.js:579:10)
    at Module.load (module.js:487:32)
    at tryModuleLoad (module.js:446:12)
    at Function.Module._load (module.js:438:3)
    at Module.require (module.js:497:17)
    at require (internal/module.js:20:19)
    at Object.<anonymous> (/home/ec2-user/Thinh/LetsKick/routes/webhooks.js:3:17)
/home/ec2-user/Thinh/LetsKick/functions/receive-message.js:137
function handlePostback(sender_psid, messagePostback) {
^^^^^^^^

SyntaxError: Unexpected token function
    at createScript (vm.js:56:10)
    at Object.runInThisContext (vm.js:97:10)
    at Module._compile (module.js:542:28)
    at Object.Module._extensions..js (module.js:579:10)
    at Module.load (module.js:487:32)
    at tryModuleLoad (module.js:446:12)
    at Function.Module._load (module.js:438:3)
    at Module.require (module.js:497:17)
    at require (internal/module.js:20:19)
    at Object.<anonymous> (/home/ec2-user/Thinh/LetsKick/routes/webhooks.js:3:17)
/home/ec2-user/Thinh/LetsKick/functions/receive-message.js:137
function handlePostback(sender_psid, messagePostback) {
^^^^^^^^

SyntaxError: Unexpected token function
    at createScript (vm.js:56:10)
    at Object.runInThisContext (vm.js:97:10)
    at Module._compile (module.js:542:28)
    at Object.Module._extensions..js (module.js:579:10)
    at Module.load (module.js:487:32)
    at tryModuleLoad (module.js:446:12)
    at Function.Module._load (module.js:438:3)
    at Module.require (module.js:497:17)
    at require (internal/module.js:20:19)
    at Object.<anonymous> (/home/ec2-user/Thinh/LetsKick/routes/webhooks.js:3:17)
/home/ec2-user/Thinh/LetsKick/functions/receive-message.js:137
function handlePostback(sender_psid, messagePostback) {
^^^^^^^^

SyntaxError: Unexpected token function
    at createScript (vm.js:56:10)
    at Object.runInThisContext (vm.js:97:10)
    at Module._compile (module.js:542:28)
    at Object.Module._extensions..js (module.js:579:10)
    at Module.load (module.js:487:32)
    at tryModuleLoad (module.js:446:12)
    at Function.Module._load (module.js:438:3)
    at Module.require (module.js:497:17)
    at require (internal/module.js:20:19)
    at Object.<anonymous> (/home/ec2-user/Thinh/LetsKick/routes/webhooks.js:3:17)
/home/ec2-user/Thinh/LetsKick/functions/receive-message.js:137
function handlePostback(sender_psid, messagePostback) {
^^^^^^^^

SyntaxError: Unexpected token function
    at createScript (vm.js:56:10)
    at Object.runInThisContext (vm.js:97:10)
    at Module._compile (module.js:542:28)
    at Object.Module._extensions..js (module.js:579:10)
    at Module.load (module.js:487:32)
    at tryModuleLoad (module.js:446:12)
    at Function.Module._load (module.js:438:3)
    at Module.require (module.js:497:17)
    at require (internal/module.js:20:19)
    at Object.<anonymous> (/home/ec2-user/Thinh/LetsKick/routes/webhooks.js:3:17)
/home/ec2-user/Thinh/LetsKick/functions/receive-message.js:137
function handlePostback(sender_psid, messagePostback) {
^^^^^^^^

SyntaxError: Unexpected token function
    at createScript (vm.js:56:10)
    at Object.runInThisContext (vm.js:97:10)
    at Module._compile (module.js:542:28)
    at Object.Module._extensions..js (module.js:579:10)
    at Module.load (module.js:487:32)
    at tryModuleLoad (module.js:446:12)
    at Function.Module._load (module.js:438:3)
    at Module.require (module.js:497:17)
    at require (internal/module.js:20:19)
    at Object.<anonymous> (/home/ec2-user/Thinh/LetsKick/routes/webhooks.js:3:17)
/home/ec2-user/Thinh/LetsKick/functions/receive-message.js:137
function handlePostback(sender_psid, messagePostback) {
^^^^^^^^

SyntaxError: Unexpected token function
    at createScript (vm.js:56:10)
    at Object.runInThisContext (vm.js:97:10)
    at Module._compile (module.js:542:28)
    at Object.Module._extensions..js (module.js:579:10)
    at Module.load (module.js:487:32)
    at tryModuleLoad (module.js:446:12)
    at Function.Module._load (module.js:438:3)
    at Module.require (module.js:497:17)
    at require (internal/module.js:20:19)
    at Object.<anonymous> (/home/ec2-user/Thinh/LetsKick/routes/webhooks.js:3:17)
/home/ec2-user/Thinh/LetsKick/functions/receive-message.js:137
function handlePostback(sender_psid, messagePostback) {
^^^^^^^^

SyntaxError: Unexpected token function
    at createScript (vm.js:56:10)
    at Object.runInThisContext (vm.js:97:10)
    at Module._compile (module.js:542:28)
    at Object.Module._extensions..js (module.js:579:10)
    at Module.load (module.js:487:32)
    at tryModuleLoad (module.js:446:12)
    at Function.Module._load (module.js:438:3)
    at Module.require (module.js:497:17)
    at require (internal/module.js:20:19)
    at Object.<anonymous> (/home/ec2-user/Thinh/LetsKick/routes/webhooks.js:3:17)
/home/ec2-user/Thinh/LetsKick/functions/receive-message.js:137
function handlePostback(sender_psid, messagePostback) {
^^^^^^^^

SyntaxError: Unexpected token function
    at createScript (vm.js:56:10)
    at Object.runInThisContext (vm.js:97:10)
    at Module._compile (module.js:542:28)
    at Object.Module._extensions..js (module.js:579:10)
    at Module.load (module.js:487:32)
    at tryModuleLoad (module.js:446:12)
    at Function.Module._load (module.js:438:3)
    at Module.require (module.js:497:17)
    at require (internal/module.js:20:19)
    at Object.<anonymous> (/home/ec2-user/Thinh/LetsKick/routes/webhooks.js:3:17)
